/usr/sbin/mysqld, Version: 5.7.19-0ubuntu0.16.04.1-log ((Ubuntu)). started with:
Tcp port: 3306  Unix socket: /var/run/mysqld/mysqld.sock
Time                 Id Command    Argument
2017-10-14T15:39:43.607339Z	    6 Quit	
2017-10-14T15:42:58.151967Z	    4 Query	INSERT INTO company_data (
companyname,
companyaddress,
maincontact,
contactphone,
contactemail
)
VALUES
(
'ABC',
'1001 1st Ave, NY, NY - 10033',
'John Smith',
'923-121-4567',
'j.smith@gmail.com'
)
2017-10-14T15:45:33.986507Z	    4 Query	SELECT * FROM company_data
2017-10-14T15:50:10.442661Z	    4 Query	INSERT INTO company_data (
companyname,
companyaddress,
maincontact,
contactphone,
contactemail
)
VALUES
(
'Google',
'1002 2nd Ave, NY, NY - 10033',
'Jenna Cook',
'923-232-5678',
'j.cook@gmail.com'
)
2017-10-14T15:50:27.707770Z	    4 Query	SELECT * FROM company_data
2017-10-14T15:51:38.873364Z	    4 Query	EXPLAIN SELECT * FROM company_data
2017-10-14T15:57:14.472965Z	    4 Query	INSERT INTO company_data (
companyname,
companyaddress,
maincontact,
contactphone,
contactemail
)
VALUES
(
'Facebook',
'1003 3rd Ave, NY, NY - 10033',
'John Wick',
'923-007-7000',
'j.wick@gmail.com'
)
2017-10-14T15:57:29.409168Z	    4 Query	SELECT * FROM company_data
2017-10-14T15:57:43.758695Z	    4 Query	describe employee_data
2017-10-14T15:58:30.887554Z	    4 Quit	
2017-10-14T15:58:30.887801Z	    7 Connect	root@localhost on midtermproject using Socket
2017-10-14T16:03:53.213528Z	    7 Quit	
2017-10-14T16:03:53.213735Z	    8 Connect	root@localhost on midtermproject using Socket
2017-10-14T16:06:12.462730Z	    8 Query	INSERT INTO employee_data (
employeename,
employeeaddress,
employeephone,
employeeemail,
employeeinitial,
employeestatus
)
VALUES
(
'Tim Cook',
'4100 First Ave, Paramus, NJ - 07088',
'201-675-9876',
't.cook@yahoo.com',
'TCC',
'Active'
)
2017-10-14T16:07:15.780855Z	    8 Quit	
2017-10-14T16:07:15.781076Z	    9 Connect	root@localhost on midtermproject using Socket
2017-10-14T16:10:07.307871Z	    9 Query	INSERT INTO employee_data (
employeename,
employeeaddress, 
employeephone,
employeeemail,
employeeinitial,
employeestatus
)
VALUES
(
'Steve Jobs',
'4200 Second Ave, Paramus, NJ - 07088',
'201-234-5678',
's.jobs@yahoo.com',
'SJJ',
'Inactive'
)
2017-10-14T16:10:24.261108Z	    9 Query	SELECT * FROM employee_data
2017-10-14T16:11:23.205925Z	    9 Quit	
2017-10-14T16:11:23.206143Z	   10 Connect	root@localhost on midtermproject using Socket
2017-10-14T16:11:27.014479Z	   10 Query	describe ticket_system
2017-10-14T16:47:36.955154Z	   10 Query	INSERT INTO ticket_system (
companyname,
contactname,
contactemail,
contactnumber,
techrequested,
techassigned,
issue,
notes,
revieweddate,
status
)
VALUES
(
'ABC',
'John Smith',
'j.smith@gmail.com',
'923-121-4567',
'Tim',
'TCC',
'Printer is not working correctly.',
'Contacted John to schedule a meeting for Monday @ 10:00am.',
'2017-10-15',
'Pending'
)
2017-10-14T16:57:56.426232Z	   10 Query	INSERT INTO ticket_system (
companyname,
contactname,
contactemail,
contactnumber,
techrequested,
techassigned,
issue,
notes,
revieweddate,
status
)
VALUES
(
'Google',
'Jenna Cook',
'j.cook@gmail.com',
'923-232-5678',
'Tim',
'TCC',
'Printer usb cable broken.'
'Shipped new usb cable on Tuesday(10/15) - tracking #Z1458739',
'2017-10-12',
'Closed'
)
2017-10-14T16:59:54.724091Z	   10 Quit	
2017-10-14T16:59:54.724421Z	   11 Connect	root@localhost on midtermproject using Socket
2017-10-14T17:05:43.449306Z	   11 Query	INSERT INTO ticket_system (
companyname,
contactname,
contactemail,
contactnumber,
techrequested,
techassigned,
issue,
notes,
revieweddate,
status
)
VALUES
(
'Google',
'Jenna Cook',
'j.cook@gamil.com',
'923-232-5678',
'Tim',
'TCC',
'Printer usb cable broken.',
'Shipped new usb cable on Tuesday(10/15) - tracking #Z1485608',
'2017-10-12',
'Closed'
)
2017-10-14T17:06:04.118613Z	   11 Query	describe ticket_system
2017-10-14T17:06:34.012259Z	   11 Query	SELECT * FROM ticket_system
2017-10-14T17:07:29.324399Z	   11 Quit	
